# JRE version: Java(TM) SE Runtime Environment (17.0.6+9) (build 17.0.6+9-LTS-190)
# Java VM: Java HotSpot(TM) 64-Bit Server VM (17.0.6+9-LTS-190, mixed mode, sharing, tiered, compressed oops, compressed class ptrs, g1 gc, windows-amd64)
GC Precious Log:
 CPUs: 12 total, 12 available
 Memory: 7893M
 Large Page Support: Disabled
 NUMA Support: Disabled
 Compressed Oops: Enabled (32-bit)
 Heap Region Size: 1M
 Heap Min Capacity: 8M
 Heap Initial Capacity: 124M
 Heap Max Capacity: 1974M
 Pre-touch: Disabled
 Parallel Workers: 10
 Concurrent Workers: 3
 Concurrent Refinement Workers: 10
 Periodic GC: Disabled
Heap:
 garbage-first heap   total 204800K, used 84487K [0x0000000084a00000, 0x0000000100000000)
  region size 1024K, 5 young (5120K), 5 survivors (5120K)
 Metaspace       used 30043K, committed 30400K, reserved 1081344K
  class space    used 3323K, committed 3456K, reserved 1048576K
GC Heap History (20 events):
Event: 28.439 GC heap after
{Heap after GC invocations=9 (full 0):
 garbage-first heap   total 102400K, used 47793K [0x0000000084a00000, 0x0000000100000000)
  region size 1024K, 7 young (7168K), 7 survivors (7168K)
 Metaspace       used 25841K, committed 26112K, reserved 1073152K
  class space    used 2945K, committed 3072K, reserved 1048576K
}
Event: 28.454 GC heap before
{Heap before GC invocations=9 (full 0):
 garbage-first heap   total 102400K, used 48817K [0x0000000084a00000, 0x0000000100000000)
  region size 1024K, 8 young (8192K), 7 survivors (7168K)
 Metaspace       used 25841K, committed 26112K, reserved 1073152K
  class space    used 2945K, committed 3072K, reserved 1048576K
}
Event: 28.466 GC heap after
{Heap after GC invocations=10 (full 0):
 garbage-first heap   total 102400K, used 49152K [0x0000000084a00000, 0x0000000100000000)
  region size 1024K, 1 young (1024K), 1 survivors (1024K)
 Metaspace       used 25841K, committed 26112K, reserved 1073152K
  class space    used 2945K, committed 3072K, reserved 1048576K
}
Event: 29.421 GC heap before
{Heap before GC invocations=10 (full 0):
 garbage-first heap   total 102400K, used 71680K [0x0000000084a00000, 0x0000000100000000)
  region size 1024K, 24 young (24576K), 1 survivors (1024K)
 Metaspace       used 26088K, committed 26432K, reserved 1073152K
  class space    used 2970K, committed 3136K, reserved 1048576K
}
Event: 29.435 GC heap after
{Heap after GC invocations=11 (full 0):
 garbage-first heap   total 102400K, used 56832K [0x0000000084a00000, 0x0000000100000000)
  region size 1024K, 3 young (3072K), 3 survivors (3072K)
 Metaspace       used 26088K, committed 26432K, reserved 1073152K
  class space    used 2970K, committed 3136K, reserved 1048576K
}
Event: 30.431 GC heap before
{Heap before GC invocations=12 (full 0):
 garbage-first heap   total 102400K, used 75264K [0x0000000084a00000, 0x0000000100000000)
  region size 1024K, 21 young (21504K), 3 survivors (3072K)
 Metaspace       used 26664K, committed 26944K, reserved 1081344K
  class space    used 3017K, committed 3136K, reserved 1048576K
}
Event: 30.441 GC heap after
{Heap after GC invocations=13 (full 0):
 garbage-first heap   total 102400K, used 60414K [0x0000000084a00000, 0x0000000100000000)
  region size 1024K, 3 young (3072K), 3 survivors (3072K)
 Metaspace       used 26664K, committed 26944K, reserved 1081344K
  class space    used 3017K, committed 3136K, reserved 1048576K
}
Event: 30.471 GC heap before
{Heap before GC invocations=13 (full 0):
 garbage-first heap   total 102400K, used 61438K [0x0000000084a00000, 0x0000000100000000)
  region size 1024K, 5 young (5120K), 3 survivors (3072K)
 Metaspace       used 26672K, committed 26944K, reserved 1081344K
  class space    used 3017K, committed 3136K, reserved 1048576K
}
Event: 30.482 GC heap after
{Heap after GC invocations=14 (full 0):
 garbage-first heap   total 204800K, used 61253K [0x0000000084a00000, 0x0000000100000000)
  region size 1024K, 1 young (1024K), 1 survivors (1024K)
 Metaspace       used 26672K, committed 26944K, reserved 1081344K
  class space    used 3017K, committed 3136K, reserved 1048576K
}
Event: 36.566 GC heap before
{Heap before GC invocations=14 (full 0):
 garbage-first heap   total 204800K, used 133957K [0x0000000084a00000, 0x0000000100000000)
  region size 1024K, 70 young (71680K), 1 survivors (1024K)
 Metaspace       used 28903K, committed 29120K, reserved 1081344K
  class space    used 3228K, committed 3328K, reserved 1048576K
}
Event: 36.580 GC heap after
{Heap after GC invocations=15 (full 0):
 garbage-first heap   total 204800K, used 68820K [0x0000000084a00000, 0x0000000100000000)
  region size 1024K, 6 young (6144K), 6 survivors (6144K)
 Metaspace       used 28903K, committed 29120K, reserved 1081344K
  class space    used 3228K, committed 3328K, reserved 1048576K
}
Event: 37.537 GC heap before
{Heap before GC invocations=15 (full 0):
 garbage-first heap   total 204800K, used 140500K [0x0000000084a00000, 0x0000000100000000)
  region size 1024K, 76 young (77824K), 6 survivors (6144K)
 Metaspace       used 29735K, committed 30080K, reserved 1081344K
  class space    used 3298K, committed 3456K, reserved 1048576K
}
Event: 37.552 GC heap after
{Heap after GC invocations=16 (full 0):
 garbage-first heap   total 204800K, used 71973K [0x0000000084a00000, 0x0000000100000000)
  region size 1024K, 4 young (4096K), 4 survivors (4096K)
 Metaspace       used 29735K, committed 30080K, reserved 1081344K
  class space    used 3298K, committed 3456K, reserved 1048576K
}
Event: 38.070 GC heap before
{Heap before GC invocations=16 (full 0):
 garbage-first heap   total 204800K, used 145701K [0x0000000084a00000, 0x0000000100000000)
  region size 1024K, 76 young (77824K), 4 survivors (4096K)
 Metaspace       used 29903K, committed 30272K, reserved 1081344K
  class space    used 3317K, committed 3456K, reserved 1048576K
}
Event: 38.084 GC heap after
{Heap after GC invocations=17 (full 0):
 garbage-first heap   total 204800K, used 75470K [0x0000000084a00000, 0x0000000100000000)
  region size 1024K, 7 young (7168K), 7 survivors (7168K)
 Metaspace       used 29903K, committed 30272K, reserved 1081344K
  class space    used 3317K, committed 3456K, reserved 1048576K
}
Event: 38.527 GC heap before
{Heap before GC invocations=17 (full 0):
 garbage-first heap   total 204800K, used 152270K [0x0000000084a00000, 0x0000000100000000)
  region size 1024K, 81 young (82944K), 7 survivors (7168K)
 Metaspace       used 29983K, committed 30336K, reserved 1081344K
  class space    used 3322K, committed 3456K, reserved 1048576K
}
Event: 38.544 GC heap after
{Heap after GC invocations=18 (full 0):
 garbage-first heap   total 204800K, used 79828K [0x0000000084a00000, 0x0000000100000000)
  region size 1024K, 8 young (8192K), 8 survivors (8192K)
 Metaspace       used 29983K, committed 30336K, reserved 1081344K
  class space    used 3322K, committed 3456K, reserved 1048576K
}
Event: 38.924 GC heap before
{Heap before GC invocations=18 (full 0):
 garbage-first heap   total 204800K, used 156628K [0x0000000084a00000, 0x0000000100000000)
  region size 1024K, 83 young (84992K), 8 survivors (8192K)
 Metaspace       used 30036K, committed 30400K, reserved 1081344K
  class space    used 3323K, committed 3456K, reserved 1048576K
}
Event: 38.941 GC heap after
{Heap after GC invocations=19 (full 0):
 garbage-first heap   total 204800K, used 83547K [0x0000000084a00000, 0x0000000100000000)
  region size 1024K, 8 young (8192K), 8 survivors (8192K)
 Metaspace       used 30036K, committed 30400K, reserved 1081344K
  class space    used 3323K, committed 3456K, reserved 1048576K
}
Event: 39.144 GC heap before
{Heap before GC invocations=19 (full 0):
 garbage-first heap   total 204800K, used 161371K [0x0000000084a00000, 0x0000000100000000)
  region size 1024K, 84 young (86016K), 8 survivors (8192K)
 Metaspace       used 30043K, committed 30400K, reserved 1081344K
  class space    used 3323K, committed 3456K, reserved 1048576K
}

