# JRE version: OpenJDK Runtime Environment Temurin-21.0.10+7 (21.0.10+7) (build 21.0.10+7-LTS)
# Java VM: OpenJDK 64-Bit Server VM Temurin-21.0.10+7 (21.0.10+7-LTS, mixed mode, sharing, tiered, compressed oops, compressed class ptrs, parallel gc, windows-amd64)
GC Precious Log:
 CardTable entry size: 512
 CPUs: 12 total, 12 available
 Memory: 7893M
 Large Page Support: Disabled
 NUMA Support: Disabled
 Compressed Oops: Enabled (32-bit)
 Alignments: Space 512K, Generation 512K, Heap 2M
 Heap Min Capacity: 100M
 Heap Initial Capacity: 100M
 Heap Max Capacity: 1G
 Pre-touch: Disabled
 Parallel Workers: 10
Heap:
 PSYoungGen      total 22016K, used 20302K [0x00000000eab00000, 0x00000000ec300000, 0x0000000100000000)
  eden space 20480K, 93% used [0x00000000eab00000,0x00000000ebdc0950,0x00000000ebf00000)
  from space 1536K, 71% used [0x00000000ebf00000,0x00000000ec013078,0x00000000ec080000)
  to   space 2048K, 0% used [0x00000000ec100000,0x00000000ec100000,0x00000000ec300000)
 ParOldGen       total 68608K, used 39177K [0x00000000c0000000, 0x00000000c4300000, 0x00000000eab00000)
  object space 68608K, 57% used [0x00000000c0000000,0x00000000c2642450,0x00000000c4300000)
 Metaspace       used 38973K, committed 40000K, reserved 1114112K
  class space    used 3937K, committed 4416K, reserved 1048576K
GC Heap History (20 events):
Event: 26.933 GC heap before
{Heap before GC invocations=14 (full 1):
 PSYoungGen      total 24576K, used 24544K [0x00000000eab00000, 0x00000000eca00000, 0x0000000100000000)
  eden space 22016K, 100% used [0x00000000eab00000,0x00000000ec080000,0x00000000ec080000)
  from space 2560K, 98% used [0x00000000ec780000,0x00000000ec9f8010,0x00000000eca00000)
  to   space 3072K, 0% used [0x00000000ec400000,0x00000000ec400000,0x00000000ec700000)
 ParOldGen       total 68608K, used 25973K [0x00000000c0000000, 0x00000000c4300000, 0x00000000eab00000)
  object space 68608K, 37% used [0x00000000c0000000,0x00000000c195d510,0x00000000c4300000)
 Metaspace       used 32107K, committed 33024K, reserved 1114112K
  class space    used 3247K, committed 3648K, reserved 1048576K
}
Event: 26.937 GC heap after
{Heap after GC invocations=14 (full 1):
 PSYoungGen      total 25088K, used 2737K [0x00000000eab00000, 0x00000000ec800000, 0x0000000100000000)
  eden space 22016K, 0% used [0x00000000eab00000,0x00000000eab00000,0x00000000ec080000)
  from space 3072K, 89% used [0x00000000ec400000,0x00000000ec6ac420,0x00000000ec700000)
  to   space 1024K, 0% used [0x00000000ec700000,0x00000000ec700000,0x00000000ec800000)
 ParOldGen       total 68608K, used 28205K [0x00000000c0000000, 0x00000000c4300000, 0x00000000eab00000)
  object space 68608K, 41% used [0x00000000c0000000,0x00000000c1b8b510,0x00000000c4300000)
 Metaspace       used 32107K, committed 33024K, reserved 1114112K
  class space    used 3247K, committed 3648K, reserved 1048576K
}
Event: 26.994 GC heap before
{Heap before GC invocations=15 (full 1):
 PSYoungGen      total 25088K, used 24753K [0x00000000eab00000, 0x00000000ec800000, 0x0000000100000000)
  eden space 22016K, 100% used [0x00000000eab00000,0x00000000ec080000,0x00000000ec080000)
  from space 3072K, 89% used [0x00000000ec400000,0x00000000ec6ac420,0x00000000ec700000)
  to   space 1024K, 0% used [0x00000000ec700000,0x00000000ec700000,0x00000000ec800000)
 ParOldGen       total 68608K, used 28205K [0x00000000c0000000, 0x00000000c4300000, 0x00000000eab00000)
  object space 68608K, 41% used [0x00000000c0000000,0x00000000c1b8b510,0x00000000c4300000)
 Metaspace       used 32131K, committed 33088K, reserved 1114112K
  class space    used 3247K, committed 3648K, reserved 1048576K
}
Event: 26.998 GC heap after
{Heap after GC invocations=15 (full 1):
 PSYoungGen      total 23040K, used 996K [0x00000000eab00000, 0x00000000ecb80000, 0x0000000100000000)
  eden space 22016K, 0% used [0x00000000eab00000,0x00000000eab00000,0x00000000ec080000)
  from space 1024K, 97% used [0x00000000ec700000,0x00000000ec7f9000,0x00000000ec800000)
  to   space 5632K, 0% used [0x00000000ec080000,0x00000000ec080000,0x00000000ec600000)
 ParOldGen       total 68608K, used 32108K [0x00000000c0000000, 0x00000000c4300000, 0x00000000eab00000)
  object space 68608K, 46% used [0x00000000c0000000,0x00000000c1f5b318,0x00000000c4300000)
 Metaspace       used 32131K, committed 33088K, reserved 1114112K
  class space    used 3247K, committed 3648K, reserved 1048576K
}
Event: 27.055 GC heap before
{Heap before GC invocations=16 (full 1):
 PSYoungGen      total 23040K, used 22898K [0x00000000eab00000, 0x00000000ecb80000, 0x0000000100000000)
  eden space 22016K, 99% used [0x00000000eab00000,0x00000000ec063bf8,0x00000000ec080000)
  from space 1024K, 97% used [0x00000000ec700000,0x00000000ec7f9000,0x00000000ec800000)
  to   space 5632K, 0% used [0x00000000ec080000,0x00000000ec080000,0x00000000ec600000)
 ParOldGen       total 68608K, used 32108K [0x00000000c0000000, 0x00000000c4300000, 0x00000000eab00000)
  object space 68608K, 46% used [0x00000000c0000000,0x00000000c1f5b318,0x00000000c4300000)
 Metaspace       used 32147K, committed 33088K, reserved 1114112K
  class space    used 3248K, committed 3648K, reserved 1048576K
}
Event: 27.057 GC heap after
{Heap after GC invocations=16 (full 1):
 PSYoungGen      total 24576K, used 2272K [0x00000000eab00000, 0x00000000ec780000, 0x0000000100000000)
  eden space 22016K, 0% used [0x00000000eab00000,0x00000000eab00000,0x00000000ec080000)
  from space 2560K, 88% used [0x00000000ec080000,0x00000000ec2b8000,0x00000000ec300000)
  to   space 3584K, 0% used [0x00000000ec400000,0x00000000ec400000,0x00000000ec780000)
 ParOldGen       total 68608K, used 33148K [0x00000000c0000000, 0x00000000c4300000, 0x00000000eab00000)
  object space 68608K, 48% used [0x00000000c0000000,0x00000000c205f1f0,0x00000000c4300000)
 Metaspace       used 32147K, committed 33088K, reserved 1114112K
  class space    used 3248K, committed 3648K, reserved 1048576K
}
Event: 27.143 GC heap before
{Heap before GC invocations=17 (full 1):
 PSYoungGen      total 24576K, used 24288K [0x00000000eab00000, 0x00000000ec780000, 0x0000000100000000)
  eden space 22016K, 100% used [0x00000000eab00000,0x00000000ec080000,0x00000000ec080000)
  from space 2560K, 88% used [0x00000000ec080000,0x00000000ec2b8000,0x00000000ec300000)
  to   space 3584K, 0% used [0x00000000ec400000,0x00000000ec400000,0x00000000ec780000)
 ParOldGen       total 68608K, used 33148K [0x00000000c0000000, 0x00000000c4300000, 0x00000000eab00000)
  object space 68608K, 48% used [0x00000000c0000000,0x00000000c205f1f0,0x00000000c4300000)
 Metaspace       used 32185K, committed 33088K, reserved 1114112K
  class space    used 3248K, committed 3648K, reserved 1048576K
}
Event: 27.148 GC heap after
{Heap after GC invocations=17 (full 1):
 PSYoungGen      total 24576K, used 2456K [0x00000000eab00000, 0x00000000ec680000, 0x0000000100000000)
  eden space 22016K, 0% used [0x00000000eab00000,0x00000000eab00000,0x00000000ec080000)
  from space 2560K, 95% used [0x00000000ec400000,0x00000000ec666210,0x00000000ec680000)
  to   space 2560K, 0% used [0x00000000ec080000,0x00000000ec080000,0x00000000ec300000)
 ParOldGen       total 68608K, used 35292K [0x00000000c0000000, 0x00000000c4300000, 0x00000000eab00000)
  object space 68608K, 51% used [0x00000000c0000000,0x00000000c22771f0,0x00000000c4300000)
 Metaspace       used 32185K, committed 33088K, reserved 1114112K
  class space    used 3248K, committed 3648K, reserved 1048576K
}
Event: 28.585 GC heap before
{Heap before GC invocations=18 (full 1):
 PSYoungGen      total 24576K, used 24472K [0x00000000eab00000, 0x00000000ec680000, 0x0000000100000000)
  eden space 22016K, 100% used [0x00000000eab00000,0x00000000ec080000,0x00000000ec080000)
  from space 2560K, 95% used [0x00000000ec400000,0x00000000ec666210,0x00000000ec680000)
  to   space 2560K, 0% used [0x00000000ec080000,0x00000000ec080000,0x00000000ec300000)
 ParOldGen       total 68608K, used 35292K [0x00000000c0000000, 0x00000000c4300000, 0x00000000eab00000)
  object space 68608K, 51% used [0x00000000c0000000,0x00000000c22771f0,0x00000000c4300000)
 Metaspace       used 34181K, committed 35136K, reserved 1114112K
  class space    used 3511K, committed 3968K, reserved 1048576K
}
Event: 28.588 GC heap after
{Heap after GC invocations=18 (full 1):
 PSYoungGen      total 23552K, used 1176K [0x00000000eab00000, 0x00000000ec480000, 0x0000000100000000)
  eden space 22016K, 0% used [0x00000000eab00000,0x00000000eab00000,0x00000000ec080000)
  from space 1536K, 76% used [0x00000000ec080000,0x00000000ec1a6350,0x00000000ec200000)
  to   space 2048K, 0% used [0x00000000ec280000,0x00000000ec280000,0x00000000ec480000)
 ParOldGen       total 68608K, used 37621K [0x00000000c0000000, 0x00000000c4300000, 0x00000000eab00000)
  object space 68608K, 54% used [0x00000000c0000000,0x00000000c24bd400,0x00000000c4300000)
 Metaspace       used 34181K, committed 35136K, reserved 1114112K
  class space    used 3511K, committed 3968K, reserved 1048576K
}
Event: 28.858 GC heap before
{Heap before GC invocations=19 (full 1):
 PSYoungGen      total 23552K, used 16815K [0x00000000eab00000, 0x00000000ec480000, 0x0000000100000000)
  eden space 22016K, 71% used [0x00000000eab00000,0x00000000eba45aa8,0x00000000ec080000)
  from space 1536K, 76% used [0x00000000ec080000,0x00000000ec1a6350,0x00000000ec200000)
  to   space 2048K, 0% used [0x00000000ec280000,0x00000000ec280000,0x00000000ec480000)
 ParOldGen       total 68608K, used 37621K [0x00000000c0000000, 0x00000000c4300000, 0x00000000eab00000)
  object space 68608K, 54% used [0x00000000c0000000,0x00000000c24bd400,0x00000000c4300000)
 Metaspace       used 34892K, committed 35840K, reserved 1114112K
  class space    used 3597K, committed 4032K, reserved 1048576K
}
Event: 28.859 GC heap after
{Heap after GC invocations=19 (full 1):
 PSYoungGen      total 22528K, used 448K [0x00000000eab00000, 0x00000000ec300000, 0x0000000100000000)
  eden space 22016K, 0% used [0x00000000eab00000,0x00000000eab00000,0x00000000ec080000)
  from space 512K, 87% used [0x00000000ec280000,0x00000000ec2f0010,0x00000000ec300000)
  to   space 1024K, 0% used [0x00000000ec100000,0x00000000ec100000,0x00000000ec200000)
 ParOldGen       total 68608K, used 38628K [0x00000000c0000000, 0x00000000c4300000, 0x00000000eab00000)
  object space 68608K, 56% used [0x00000000c0000000,0x00000000c25b93f0,0x00000000c4300000)
 Metaspace       used 34892K, committed 35840K, reserved 1114112K
  class space    used 3597K, committed 4032K, reserved 1048576K
}
Event: 28.859 GC heap before
{Heap before GC invocations=20 (full 2):
 PSYoungGen      total 22528K, used 448K [0x00000000eab00000, 0x00000000ec300000, 0x0000000100000000)
  eden space 22016K, 0% used [0x00000000eab00000,0x00000000eab00000,0x00000000ec080000)
  from space 512K, 87% used [0x00000000ec280000,0x00000000ec2f0010,0x00000000ec300000)
  to   space 1024K, 0% used [0x00000000ec100000,0x00000000ec100000,0x00000000ec200000)
 ParOldGen       total 68608K, used 38628K [0x00000000c0000000, 0x00000000c4300000, 0x00000000eab00000)
  object space 68608K, 56% used [0x00000000c0000000,0x00000000c25b93f0,0x00000000c4300000)
 Metaspace       used 34892K, committed 35840K, reserved 1114112K
  class space    used 3597K, committed 4032K, reserved 1048576K
}
Event: 28.906 GC heap after
{Heap after GC invocations=20 (full 2):
 PSYoungGen      total 22528K, used 0K [0x00000000eab00000, 0x00000000ec300000, 0x0000000100000000)
  eden space 22016K, 0% used [0x00000000eab00000,0x00000000eab00000,0x00000000ec080000)
  from space 512K, 0% used [0x00000000ec280000,0x00000000ec280000,0x00000000ec300000)
  to   space 1024K, 0% used [0x00000000ec100000,0x00000000ec100000,0x00000000ec200000)
 ParOldGen       total 68608K, used 37572K [0x00000000c0000000, 0x00000000c4300000, 0x00000000eab00000)
  object space 68608K, 54% used [0x00000000c0000000,0x00000000c24b12a8,0x00000000c4300000)
 Metaspace       used 34892K, committed 35840K, reserved 1114112K
  class space    used 3597K, committed 4032K, reserved 1048576K
}
Event: 29.241 GC heap before
{Heap before GC invocations=21 (full 2):
 PSYoungGen      total 22528K, used 22016K [0x00000000eab00000, 0x00000000ec300000, 0x0000000100000000)
  eden space 22016K, 100% used [0x00000000eab00000,0x00000000ec080000,0x00000000ec080000)
  from space 512K, 0% used [0x00000000ec280000,0x00000000ec280000,0x00000000ec300000)
  to   space 1024K, 0% used [0x00000000ec100000,0x00000000ec100000,0x00000000ec200000)
 ParOldGen       total 68608K, used 37572K [0x00000000c0000000, 0x00000000c4300000, 0x00000000eab00000)
  object space 68608K, 54% used [0x00000000c0000000,0x00000000c24b12a8,0x00000000c4300000)
 Metaspace       used 36382K, committed 37440K, reserved 1114112K
  class space    used 3770K, committed 4224K, reserved 1048576K
}
Event: 29.242 GC heap after
{Heap after GC invocations=21 (full 2):
 PSYoungGen      total 23040K, used 992K [0x00000000eab00000, 0x00000000ec380000, 0x0000000100000000)
  eden space 22016K, 0% used [0x00000000eab00000,0x00000000eab00000,0x00000000ec080000)
  from space 1024K, 96% used [0x00000000ec100000,0x00000000ec1f80b8,0x00000000ec200000)
  to   space 1536K, 0% used [0x00000000ec200000,0x00000000ec200000,0x00000000ec380000)
 ParOldGen       total 68608K, used 37628K [0x00000000c0000000, 0x00000000c4300000, 0x00000000eab00000)
  object space 68608K, 54% used [0x00000000c0000000,0x00000000c24bf2a8,0x00000000c4300000)
 Metaspace       used 36382K, committed 37440K, reserved 1114112K
  class space    used 3770K, committed 4224K, reserved 1048576K
}
Event: 29.437 GC heap before
{Heap before GC invocations=22 (full 2):
 PSYoungGen      total 23040K, used 23008K [0x00000000eab00000, 0x00000000ec380000, 0x0000000100000000)
  eden space 22016K, 100% used [0x00000000eab00000,0x00000000ec080000,0x00000000ec080000)
  from space 1024K, 96% used [0x00000000ec100000,0x00000000ec1f80b8,0x00000000ec200000)
  to   space 1536K, 0% used [0x00000000ec200000,0x00000000ec200000,0x00000000ec380000)
 ParOldGen       total 68608K, used 37628K [0x00000000c0000000, 0x00000000c4300000, 0x00000000eab00000)
  object space 68608K, 54% used [0x00000000c0000000,0x00000000c24bf2a8,0x00000000c4300000)
 Metaspace       used 37530K, committed 38528K, reserved 1114112K
  class space    used 3818K, committed 4288K, reserved 1048576K
}
Event: 29.439 GC heap after
{Heap after GC invocations=22 (full 2):
 PSYoungGen      total 22016K, used 1515K [0x00000000eab00000, 0x00000000ec680000, 0x0000000100000000)
  eden space 20480K, 0% used [0x00000000eab00000,0x00000000eab00000,0x00000000ebf00000)
  from space 1536K, 98% used [0x00000000ec200000,0x00000000ec37ac28,0x00000000ec380000)
  to   space 3072K, 0% used [0x00000000ebf00000,0x00000000ebf00000,0x00000000ec200000)
 ParOldGen       total 68608K, used 38595K [0x00000000c0000000, 0x00000000c4300000, 0x00000000eab00000)
  object space 68608K, 56% used [0x00000000c0000000,0x00000000c25b0df0,0x00000000c4300000)
 Metaspace       used 37530K, committed 38528K, reserved 1114112K
  class space    used 3818K, committed 4288K, reserved 1048576K
}
Event: 29.485 GC heap before
{Heap before GC invocations=23 (full 2):
 PSYoungGen      total 22016K, used 21995K [0x00000000eab00000, 0x00000000ec680000, 0x0000000100000000)
  eden space 20480K, 100% used [0x00000000eab00000,0x00000000ebf00000,0x00000000ebf00000)
  from space 1536K, 98% used [0x00000000ec200000,0x00000000ec37ac28,0x00000000ec380000)
  to   space 3072K, 0% used [0x00000000ebf00000,0x00000000ebf00000,0x00000000ec200000)
 ParOldGen       total 68608K, used 38595K [0x00000000c0000000, 0x00000000c4300000, 0x00000000eab00000)
  object space 68608K, 56% used [0x00000000c0000000,0x00000000c25b0df0,0x00000000c4300000)
 Metaspace       used 37542K, committed 38528K, reserved 1114112K
  class space    used 3818K, committed 4288K, reserved 1048576K
}
Event: 29.486 GC heap after
{Heap after GC invocations=23 (full 2):
 PSYoungGen      total 22016K, used 1100K [0x00000000eab00000, 0x00000000ec300000, 0x0000000100000000)
  eden space 20480K, 0% used [0x00000000eab00000,0x00000000eab00000,0x00000000ebf00000)
  from space 1536K, 71% used [0x00000000ebf00000,0x00000000ec013078,0x00000000ec080000)
  to   space 2048K, 0% used [0x00000000ec100000,0x00000000ec100000,0x00000000ec300000)
 ParOldGen       total 68608K, used 39177K [0x00000000c0000000, 0x00000000c4300000, 0x00000000eab00000)
  object space 68608K, 57% used [0x00000000c0000000,0x00000000c2642450,0x00000000c4300000)
 Metaspace       used 37542K, committed 38528K, reserved 1114112K
  class space    used 3818K, committed 4288K, reserved 1048576K
}

