# JRE version: Java(TM) SE Runtime Environment (17.0.6+9) (build 17.0.6+9-LTS-190)
# Java VM: Java HotSpot(TM) 64-Bit Server VM (17.0.6+9-LTS-190, mixed mode, sharing, tiered, compressed oops, compressed class ptrs, g1 gc, windows-amd64)
GC Precious Log:
 CPUs: 12 total, 12 available
 Memory: 7893M
 Large Page Support: Disabled
 NUMA Support: Disabled
 Compressed Oops: Enabled (Zero based)
 Heap Region Size: 2M
 Heap Min Capacity: 8M
 Heap Initial Capacity: 124M
 Heap Max Capacity: 4G
 Pre-touch: Disabled
 Parallel Workers: 10
 Concurrent Workers: 3
 Concurrent Refinement Workers: 10
 Periodic GC: Disabled
Heap:
 garbage-first heap   total 163840K, used 111224K [0x0000000700000000, 0x0000000800000000)
  region size 2048K, 17 young (34816K), 3 survivors (6144K)
 Metaspace       used 113978K, committed 114624K, reserved 1155072K
  class space    used 14864K, committed 15168K, reserved 1048576K
GC Heap History (20 events):
Event: 81.005 GC heap before
{Heap before GC invocations=16 (full 0):
 garbage-first heap   total 163840K, used 133793K [0x0000000700000000, 0x0000000800000000)
  region size 2048K, 48 young (98304K), 4 survivors (8192K)
 Metaspace       used 69257K, committed 69888K, reserved 1114112K
  class space    used 9932K, committed 10240K, reserved 1048576K
}
Event: 81.078 GC heap after
{Heap after GC invocations=17 (full 0):
 garbage-first heap   total 163840K, used 47556K [0x0000000700000000, 0x0000000800000000)
  region size 2048K, 3 young (6144K), 3 survivors (6144K)
 Metaspace       used 69257K, committed 69888K, reserved 1114112K
  class space    used 9932K, committed 10240K, reserved 1048576K
}
Event: 81.300 GC heap before
{Heap before GC invocations=17 (full 0):
 garbage-first heap   total 163840K, used 49604K [0x0000000700000000, 0x0000000800000000)
  region size 2048K, 4 young (8192K), 3 survivors (6144K)
 Metaspace       used 69520K, committed 70208K, reserved 1114112K
  class space    used 9957K, committed 10304K, reserved 1048576K
}
Event: 81.339 GC heap after
{Heap after GC invocations=18 (full 0):
 garbage-first heap   total 163840K, used 48340K [0x0000000700000000, 0x0000000800000000)
  region size 2048K, 1 young (2048K), 1 survivors (2048K)
 Metaspace       used 69520K, committed 70208K, reserved 1114112K
  class space    used 9957K, committed 10304K, reserved 1048576K
}
Event: 87.958 GC heap before
{Heap before GC invocations=18 (full 0):
 garbage-first heap   total 163840K, used 136404K [0x0000000700000000, 0x0000000800000000)
  region size 2048K, 41 young (83968K), 1 survivors (2048K)
 Metaspace       used 75802K, committed 76480K, reserved 1122304K
  class space    used 10714K, committed 11008K, reserved 1048576K
}
Event: 87.986 GC heap after
{Heap after GC invocations=19 (full 0):
 garbage-first heap   total 163840K, used 58874K [0x0000000700000000, 0x0000000800000000)
  region size 2048K, 6 young (12288K), 6 survivors (12288K)
 Metaspace       used 75802K, committed 76480K, reserved 1122304K
  class space    used 10714K, committed 11008K, reserved 1048576K
}
Event: 90.444 GC heap before
{Heap before GC invocations=19 (full 0):
 garbage-first heap   total 163840K, used 83450K [0x0000000700000000, 0x0000000800000000)
  region size 2048K, 19 young (38912K), 6 survivors (12288K)
 Metaspace       used 78593K, committed 79296K, reserved 1122304K
  class space    used 11046K, committed 11392K, reserved 1048576K
}
Event: 90.475 GC heap after
{Heap after GC invocations=20 (full 0):
 garbage-first heap   total 163840K, used 61468K [0x0000000700000000, 0x0000000800000000)
  region size 2048K, 2 young (4096K), 2 survivors (4096K)
 Metaspace       used 78593K, committed 79296K, reserved 1122304K
  class space    used 11046K, committed 11392K, reserved 1048576K
}
Event: 94.535 GC heap before
{Heap before GC invocations=21 (full 0):
 garbage-first heap   total 163840K, used 135196K [0x0000000700000000, 0x0000000800000000)
  region size 2048K, 35 young (71680K), 2 survivors (4096K)
 Metaspace       used 85268K, committed 85888K, reserved 1130496K
  class space    used 11681K, committed 11968K, reserved 1048576K
}
Event: 94.540 GC heap after
{Heap after GC invocations=22 (full 0):
 garbage-first heap   total 163840K, used 71009K [0x0000000700000000, 0x0000000800000000)
  region size 2048K, 3 young (6144K), 3 survivors (6144K)
 Metaspace       used 85268K, committed 85888K, reserved 1130496K
  class space    used 11681K, committed 11968K, reserved 1048576K
}
Event: 98.045 GC heap before
{Heap before GC invocations=22 (full 0):
 garbage-first heap   total 163840K, used 132449K [0x0000000700000000, 0x0000000800000000)
  region size 2048K, 33 young (67584K), 3 survivors (6144K)
 Metaspace       used 91956K, committed 92608K, reserved 1130496K
  class space    used 12514K, committed 12800K, reserved 1048576K
}
Event: 98.062 GC heap after
{Heap after GC invocations=23 (full 0):
 garbage-first heap   total 163840K, used 74867K [0x0000000700000000, 0x0000000800000000)
  region size 2048K, 4 young (8192K), 4 survivors (8192K)
 Metaspace       used 91956K, committed 92608K, reserved 1130496K
  class space    used 12514K, committed 12800K, reserved 1048576K
}
Event: 99.821 GC heap before
{Heap before GC invocations=24 (full 0):
 garbage-first heap   total 163840K, used 132211K [0x0000000700000000, 0x0000000800000000)
  region size 2048K, 32 young (65536K), 4 survivors (8192K)
 Metaspace       used 94172K, committed 94784K, reserved 1138688K
  class space    used 12759K, committed 13056K, reserved 1048576K
}
Event: 99.848 GC heap after
{Heap after GC invocations=25 (full 0):
 garbage-first heap   total 163840K, used 78697K [0x0000000700000000, 0x0000000800000000)
  region size 2048K, 4 young (8192K), 4 survivors (8192K)
 Metaspace       used 94172K, committed 94784K, reserved 1138688K
  class space    used 12759K, committed 13056K, reserved 1048576K
}
Event: 104.396 GC heap before
{Heap before GC invocations=25 (full 0):
 garbage-first heap   total 163840K, used 133993K [0x0000000700000000, 0x0000000800000000)
  region size 2048K, 31 young (63488K), 4 survivors (8192K)
 Metaspace       used 98785K, committed 99456K, reserved 1138688K
  class space    used 13252K, committed 13568K, reserved 1048576K
}
Event: 104.426 GC heap after
{Heap after GC invocations=26 (full 0):
 garbage-first heap   total 163840K, used 81995K [0x0000000700000000, 0x0000000800000000)
  region size 2048K, 4 young (8192K), 4 survivors (8192K)
 Metaspace       used 98785K, committed 99456K, reserved 1138688K
  class space    used 13252K, committed 13568K, reserved 1048576K
}
Event: 106.760 GC heap before
{Heap before GC invocations=27 (full 0):
 garbage-first heap   total 163840K, used 131147K [0x0000000700000000, 0x0000000800000000)
  region size 2048K, 29 young (59392K), 4 survivors (8192K)
 Metaspace       used 103913K, committed 104576K, reserved 1146880K
  class space    used 13868K, committed 14208K, reserved 1048576K
}
Event: 106.773 GC heap after
{Heap after GC invocations=28 (full 0):
 garbage-first heap   total 163840K, used 85788K [0x0000000700000000, 0x0000000800000000)
  region size 2048K, 4 young (8192K), 4 survivors (8192K)
 Metaspace       used 103913K, committed 104576K, reserved 1146880K
  class space    used 13868K, committed 14208K, reserved 1048576K
}
Event: 108.776 GC heap before
{Heap before GC invocations=28 (full 0):
 garbage-first heap   total 163840K, used 132892K [0x0000000700000000, 0x0000000800000000)
  region size 2048K, 27 young (55296K), 4 survivors (8192K)
 Metaspace       used 110516K, committed 111168K, reserved 1146880K
  class space    used 14531K, committed 14848K, reserved 1048576K
}
Event: 108.786 GC heap after
{Heap after GC invocations=29 (full 0):
 garbage-first heap   total 163840K, used 86648K [0x0000000700000000, 0x0000000800000000)
  region size 2048K, 3 young (6144K), 3 survivors (6144K)
 Metaspace       used 110516K, committed 111168K, reserved 1146880K
  class space    used 14531K, committed 14848K, reserved 1048576K
}

