# JRE version: OpenJDK Runtime Environment Temurin-21.0.10+7 (21.0.10+7) (build 21.0.10+7-LTS)
# Java VM: OpenJDK 64-Bit Server VM Temurin-21.0.10+7 (21.0.10+7-LTS, mixed mode, sharing, tiered, compressed oops, compressed class ptrs, parallel gc, windows-amd64)
GC Precious Log:
 CardTable entry size: 512
 CPUs: 12 total, 12 available
 Memory: 7893M
 Large Page Support: Disabled
 NUMA Support: Disabled
 Compressed Oops: Enabled (32-bit)
 Alignments: Space 512K, Generation 512K, Heap 2M
 Heap Min Capacity: 100M
 Heap Initial Capacity: 100M
 Heap Max Capacity: 1G
 Pre-touch: Disabled
 Parallel Workers: 10
Heap:
 PSYoungGen      total 28160K, used 8520K [0x00000000eab00000, 0x00000000ecf00000, 0x0000000100000000)
  eden space 23552K, 23% used [0x00000000eab00000,0x00000000eb0718d8,0x00000000ec200000)
  from space 4608K, 63% used [0x00000000ec200000,0x00000000ec4e0810,0x00000000ec680000)
  to   space 3584K, 0% used [0x00000000ecb80000,0x00000000ecb80000,0x00000000ecf00000)
 ParOldGen       total 68608K, used 54015K [0x00000000c0000000, 0x00000000c4300000, 0x00000000eab00000)
  object space 68608K, 78% used [0x00000000c0000000,0x00000000c34bffc0,0x00000000c4300000)
 Metaspace       used 63299K, committed 64704K, reserved 1114112K
  class space    used 7447K, committed 8064K, reserved 1048576K
GC Heap History (20 events):
Event: 32.065 GC heap after
{Heap after GC invocations=26 (full 2):
 PSYoungGen      total 23040K, used 832K [0x00000000eab00000, 0x00000000ecb80000, 0x0000000100000000)
  eden space 22016K, 0% used [0x00000000eab00000,0x00000000eab00000,0x00000000ec080000)
  from space 1024K, 81% used [0x00000000eca80000,0x00000000ecb50000,0x00000000ecb80000)
  to   space 3584K, 0% used [0x00000000ec480000,0x00000000ec480000,0x00000000ec800000)
 ParOldGen       total 68608K, used 45951K [0x00000000c0000000, 0x00000000c4300000, 0x00000000eab00000)
  object space 68608K, 66% used [0x00000000c0000000,0x00000000c2cdfd88,0x00000000c4300000)
 Metaspace       used 55998K, committed 57344K, reserved 1114112K
  class space    used 6394K, committed 6976K, reserved 1048576K
}
Event: 51.036 GC heap before
{Heap before GC invocations=27 (full 2):
 PSYoungGen      total 23040K, used 22848K [0x00000000eab00000, 0x00000000ecb80000, 0x0000000100000000)
  eden space 22016K, 100% used [0x00000000eab00000,0x00000000ec080000,0x00000000ec080000)
  from space 1024K, 81% used [0x00000000eca80000,0x00000000ecb50000,0x00000000ecb80000)
  to   space 3584K, 0% used [0x00000000ec480000,0x00000000ec480000,0x00000000ec800000)
 ParOldGen       total 68608K, used 45951K [0x00000000c0000000, 0x00000000c4300000, 0x00000000eab00000)
  object space 68608K, 66% used [0x00000000c0000000,0x00000000c2cdfd88,0x00000000c4300000)
 Metaspace       used 56083K, committed 57344K, reserved 1114112K
  class space    used 6397K, committed 6976K, reserved 1048576K
}
Event: 51.049 GC heap after
{Heap after GC invocations=27 (full 2):
 PSYoungGen      total 25600K, used 3568K [0x00000000eab00000, 0x00000000ecb80000, 0x0000000100000000)
  eden space 22016K, 0% used [0x00000000eab00000,0x00000000eab00000,0x00000000ec080000)
  from space 3584K, 99% used [0x00000000ec480000,0x00000000ec7fc1b0,0x00000000ec800000)
  to   space 3584K, 0% used [0x00000000ec800000,0x00000000ec800000,0x00000000ecb80000)
 ParOldGen       total 68608K, used 47192K [0x00000000c0000000, 0x00000000c4300000, 0x00000000eab00000)
  object space 68608K, 68% used [0x00000000c0000000,0x00000000c2e16120,0x00000000c4300000)
 Metaspace       used 56083K, committed 57344K, reserved 1114112K
  class space    used 6397K, committed 6976K, reserved 1048576K
}
Event: 52.232 GC heap before
{Heap before GC invocations=28 (full 2):
 PSYoungGen      total 25600K, used 25584K [0x00000000eab00000, 0x00000000ecb80000, 0x0000000100000000)
  eden space 22016K, 100% used [0x00000000eab00000,0x00000000ec080000,0x00000000ec080000)
  from space 3584K, 99% used [0x00000000ec480000,0x00000000ec7fc1b0,0x00000000ec800000)
  to   space 3584K, 0% used [0x00000000ec800000,0x00000000ec800000,0x00000000ecb80000)
 ParOldGen       total 68608K, used 47192K [0x00000000c0000000, 0x00000000c4300000, 0x00000000eab00000)
  object space 68608K, 68% used [0x00000000c0000000,0x00000000c2e16120,0x00000000c4300000)
 Metaspace       used 57941K, committed 59264K, reserved 1114112K
  class space    used 6735K, committed 7296K, reserved 1048576K
}
Event: 52.239 GC heap after
{Heap after GC invocations=28 (full 2):
 PSYoungGen      total 23040K, used 912K [0x00000000eab00000, 0x00000000ec900000, 0x0000000100000000)
  eden space 22016K, 0% used [0x00000000eab00000,0x00000000eab00000,0x00000000ec080000)
  from space 1024K, 89% used [0x00000000ec800000,0x00000000ec8e4010,0x00000000ec900000)
  to   space 2560K, 0% used [0x00000000ec400000,0x00000000ec400000,0x00000000ec680000)
 ParOldGen       total 68608K, used 50643K [0x00000000c0000000, 0x00000000c4300000, 0x00000000eab00000)
  object space 68608K, 73% used [0x00000000c0000000,0x00000000c3174d50,0x00000000c4300000)
 Metaspace       used 57941K, committed 59264K, reserved 1114112K
  class space    used 6735K, committed 7296K, reserved 1048576K
}
Event: 53.385 GC heap before
{Heap before GC invocations=29 (full 2):
 PSYoungGen      total 23040K, used 4499K [0x00000000eab00000, 0x00000000ec900000, 0x0000000100000000)
  eden space 22016K, 16% used [0x00000000eab00000,0x00000000eae80c90,0x00000000ec080000)
  from space 1024K, 89% used [0x00000000ec800000,0x00000000ec8e4010,0x00000000ec900000)
  to   space 2560K, 0% used [0x00000000ec400000,0x00000000ec400000,0x00000000ec680000)
 ParOldGen       total 68608K, used 50643K [0x00000000c0000000, 0x00000000c4300000, 0x00000000eab00000)
  object space 68608K, 73% used [0x00000000c0000000,0x00000000c3174d50,0x00000000c4300000)
 Metaspace       used 58423K, committed 59776K, reserved 1114112K
  class space    used 6808K, committed 7424K, reserved 1048576K
}
Event: 53.388 GC heap after
{Heap after GC invocations=29 (full 2):
 PSYoungGen      total 24576K, used 320K [0x00000000eab00000, 0x00000000ec880000, 0x0000000100000000)
  eden space 22016K, 0% used [0x00000000eab00000,0x00000000eab00000,0x00000000ec080000)
  from space 2560K, 12% used [0x00000000ec400000,0x00000000ec450000,0x00000000ec680000)
  to   space 1024K, 0% used [0x00000000ec780000,0x00000000ec780000,0x00000000ec880000)
 ParOldGen       total 68608K, used 51440K [0x00000000c0000000, 0x00000000c4300000, 0x00000000eab00000)
  object space 68608K, 74% used [0x00000000c0000000,0x00000000c323c0d8,0x00000000c4300000)
 Metaspace       used 58423K, committed 59776K, reserved 1114112K
  class space    used 6808K, committed 7424K, reserved 1048576K
}
Event: 53.389 GC heap before
{Heap before GC invocations=30 (full 3):
 PSYoungGen      total 24576K, used 320K [0x00000000eab00000, 0x00000000ec880000, 0x0000000100000000)
  eden space 22016K, 0% used [0x00000000eab00000,0x00000000eab00000,0x00000000ec080000)
  from space 2560K, 12% used [0x00000000ec400000,0x00000000ec450000,0x00000000ec680000)
  to   space 1024K, 0% used [0x00000000ec780000,0x00000000ec780000,0x00000000ec880000)
 ParOldGen       total 68608K, used 51440K [0x00000000c0000000, 0x00000000c4300000, 0x00000000eab00000)
  object space 68608K, 74% used [0x00000000c0000000,0x00000000c323c0d8,0x00000000c4300000)
 Metaspace       used 58423K, committed 59776K, reserved 1114112K
  class space    used 6808K, committed 7424K, reserved 1048576K
}
Event: 59.198 GC heap after
{Heap after GC invocations=30 (full 3):
 PSYoungGen      total 24576K, used 0K [0x00000000eab00000, 0x00000000ec880000, 0x0000000100000000)
  eden space 22016K, 0% used [0x00000000eab00000,0x00000000eab00000,0x00000000ec080000)
  from space 2560K, 0% used [0x00000000ec400000,0x00000000ec400000,0x00000000ec680000)
  to   space 1024K, 0% used [0x00000000ec780000,0x00000000ec780000,0x00000000ec880000)
 ParOldGen       total 68608K, used 48141K [0x00000000c0000000, 0x00000000c4300000, 0x00000000eab00000)
  object space 68608K, 70% used [0x00000000c0000000,0x00000000c2f03698,0x00000000c4300000)
 Metaspace       used 58423K, committed 59776K, reserved 1114112K
  class space    used 6808K, committed 7424K, reserved 1048576K
}
Event: 65.979 GC heap before
{Heap before GC invocations=31 (full 3):
 PSYoungGen      total 24576K, used 22016K [0x00000000eab00000, 0x00000000ec880000, 0x0000000100000000)
  eden space 22016K, 100% used [0x00000000eab00000,0x00000000ec080000,0x00000000ec080000)
  from space 2560K, 0% used [0x00000000ec400000,0x00000000ec400000,0x00000000ec680000)
  to   space 1024K, 0% used [0x00000000ec780000,0x00000000ec780000,0x00000000ec880000)
 ParOldGen       total 68608K, used 48141K [0x00000000c0000000, 0x00000000c4300000, 0x00000000eab00000)
  object space 68608K, 70% used [0x00000000c0000000,0x00000000c2f03698,0x00000000c4300000)
 Metaspace       used 60464K, committed 61824K, reserved 1114112K
  class space    used 7131K, committed 7744K, reserved 1048576K
}
Event: 65.981 GC heap after
{Heap after GC invocations=31 (full 3):
 PSYoungGen      total 23040K, used 672K [0x00000000eab00000, 0x00000000ec880000, 0x0000000100000000)
  eden space 22016K, 0% used [0x00000000eab00000,0x00000000eab00000,0x00000000ec080000)
  from space 1024K, 65% used [0x00000000ec780000,0x00000000ec828000,0x00000000ec880000)
  to   space 1024K, 0% used [0x00000000ec680000,0x00000000ec680000,0x00000000ec780000)
 ParOldGen       total 68608K, used 48149K [0x00000000c0000000, 0x00000000c4300000, 0x00000000eab00000)
  object space 68608K, 70% used [0x00000000c0000000,0x00000000c2f05698,0x00000000c4300000)
 Metaspace       used 60464K, committed 61824K, reserved 1114112K
  class space    used 7131K, committed 7744K, reserved 1048576K
}
Event: 67.855 GC heap before
{Heap before GC invocations=32 (full 3):
 PSYoungGen      total 23040K, used 22688K [0x00000000eab00000, 0x00000000ec880000, 0x0000000100000000)
  eden space 22016K, 100% used [0x00000000eab00000,0x00000000ec080000,0x00000000ec080000)
  from space 1024K, 65% used [0x00000000ec780000,0x00000000ec828000,0x00000000ec880000)
  to   space 1024K, 0% used [0x00000000ec680000,0x00000000ec680000,0x00000000ec780000)
 ParOldGen       total 68608K, used 48149K [0x00000000c0000000, 0x00000000c4300000, 0x00000000eab00000)
  object space 68608K, 70% used [0x00000000c0000000,0x00000000c2f05698,0x00000000c4300000)
 Metaspace       used 60653K, committed 61952K, reserved 1114112K
  class space    used 7151K, committed 7744K, reserved 1048576K
}
Event: 67.859 GC heap after
{Heap after GC invocations=32 (full 3):
 PSYoungGen      total 23040K, used 288K [0x00000000eab00000, 0x00000000ec800000, 0x0000000100000000)
  eden space 22016K, 0% used [0x00000000eab00000,0x00000000eab00000,0x00000000ec080000)
  from space 1024K, 28% used [0x00000000ec680000,0x00000000ec6c8000,0x00000000ec780000)
  to   space 512K, 0% used [0x00000000ec780000,0x00000000ec780000,0x00000000ec800000)
 ParOldGen       total 68608K, used 48684K [0x00000000c0000000, 0x00000000c4300000, 0x00000000eab00000)
  object space 68608K, 70% used [0x00000000c0000000,0x00000000c2f8b3a8,0x00000000c4300000)
 Metaspace       used 60653K, committed 61952K, reserved 1114112K
  class space    used 7151K, committed 7744K, reserved 1048576K
}
Event: 84.264 GC heap before
{Heap before GC invocations=33 (full 3):
 PSYoungGen      total 23040K, used 22304K [0x00000000eab00000, 0x00000000ec800000, 0x0000000100000000)
  eden space 22016K, 100% used [0x00000000eab00000,0x00000000ec080000,0x00000000ec080000)
  from space 1024K, 28% used [0x00000000ec680000,0x00000000ec6c8000,0x00000000ec780000)
  to   space 512K, 0% used [0x00000000ec780000,0x00000000ec780000,0x00000000ec800000)
 ParOldGen       total 68608K, used 48684K [0x00000000c0000000, 0x00000000c4300000, 0x00000000eab00000)
  object space 68608K, 70% used [0x00000000c0000000,0x00000000c2f8b3a8,0x00000000c4300000)
 Metaspace       used 62447K, committed 63808K, reserved 1114112K
  class space    used 7354K, committed 7936K, reserved 1048576K
}
Event: 84.289 GC heap after
{Heap after GC invocations=33 (full 3):
 PSYoungGen      total 22528K, used 488K [0x00000000eab00000, 0x00000000ec800000, 0x0000000100000000)
  eden space 22016K, 0% used [0x00000000eab00000,0x00000000eab00000,0x00000000ec080000)
  from space 512K, 95% used [0x00000000ec780000,0x00000000ec7fa1b8,0x00000000ec800000)
  to   space 1536K, 0% used [0x00000000ec500000,0x00000000ec500000,0x00000000ec680000)
 ParOldGen       total 68608K, used 49260K [0x00000000c0000000, 0x00000000c4300000, 0x00000000eab00000)
  object space 68608K, 71% used [0x00000000c0000000,0x00000000c301b3b8,0x00000000c4300000)
 Metaspace       used 62447K, committed 63808K, reserved 1114112K
  class space    used 7354K, committed 7936K, reserved 1048576K
}
Event: 87.906 GC heap before
{Heap before GC invocations=34 (full 3):
 PSYoungGen      total 22528K, used 22504K [0x00000000eab00000, 0x00000000ec800000, 0x0000000100000000)
  eden space 22016K, 100% used [0x00000000eab00000,0x00000000ec080000,0x00000000ec080000)
  from space 512K, 95% used [0x00000000ec780000,0x00000000ec7fa1b8,0x00000000ec800000)
  to   space 1536K, 0% used [0x00000000ec500000,0x00000000ec500000,0x00000000ec680000)
 ParOldGen       total 68608K, used 49260K [0x00000000c0000000, 0x00000000c4300000, 0x00000000eab00000)
  object space 68608K, 71% used [0x00000000c0000000,0x00000000c301b3b8,0x00000000c4300000)
 Metaspace       used 62869K, committed 64320K, reserved 1114112K
  class space    used 7388K, committed 8000K, reserved 1048576K
}
Event: 87.915 GC heap after
{Heap after GC invocations=34 (full 3):
 PSYoungGen      total 23552K, used 1504K [0x00000000eab00000, 0x00000000ec800000, 0x0000000100000000)
  eden space 22016K, 0% used [0x00000000eab00000,0x00000000eab00000,0x00000000ec080000)
  from space 1536K, 97% used [0x00000000ec500000,0x00000000ec678030,0x00000000ec680000)
  to   space 1536K, 0% used [0x00000000ec680000,0x00000000ec680000,0x00000000ec800000)
 ParOldGen       total 68608K, used 50051K [0x00000000c0000000, 0x00000000c4300000, 0x00000000eab00000)
  object space 68608K, 72% used [0x00000000c0000000,0x00000000c30e0c10,0x00000000c4300000)
 Metaspace       used 62869K, committed 64320K, reserved 1114112K
  class space    used 7388K, committed 8000K, reserved 1048576K
}
Event: 88.220 GC heap before
{Heap before GC invocations=35 (full 3):
 PSYoungGen      total 23552K, used 23520K [0x00000000eab00000, 0x00000000ec800000, 0x0000000100000000)
  eden space 22016K, 99% used [0x00000000eab00000,0x00000000ec07fff8,0x00000000ec080000)
  from space 1536K, 97% used [0x00000000ec500000,0x00000000ec678030,0x00000000ec680000)
  to   space 1536K, 0% used [0x00000000ec680000,0x00000000ec680000,0x00000000ec800000)
 ParOldGen       total 68608K, used 50051K [0x00000000c0000000, 0x00000000c4300000, 0x00000000eab00000)
  object space 68608K, 72% used [0x00000000c0000000,0x00000000c30e0c10,0x00000000c4300000)
 Metaspace       used 63259K, committed 64704K, reserved 1114112K
  class space    used 7446K, committed 8064K, reserved 1048576K
}
Event: 90.169 GC heap after
{Heap after GC invocations=35 (full 3):
 PSYoungGen      total 25088K, used 1521K [0x00000000eab00000, 0x00000000ed000000, 0x0000000100000000)
  eden space 23552K, 0% used [0x00000000eab00000,0x00000000eab00000,0x00000000ec200000)
  from space 1536K, 99% used [0x00000000ec680000,0x00000000ec7fc470,0x00000000ec800000)
  to   space 4608K, 0% used [0x00000000ec200000,0x00000000ec200000,0x00000000ec680000)
 ParOldGen       total 68608K, used 52522K [0x00000000c0000000, 0x00000000c4300000, 0x00000000eab00000)
  object space 68608K, 76% used [0x00000000c0000000,0x00000000c334abb0,0x00000000c4300000)
 Metaspace       used 63259K, committed 64704K, reserved 1114112K
  class space    used 7446K, committed 8064K, reserved 1048576K
}
Event: 90.445 GC heap before
{Heap before GC invocations=36 (full 3):
 PSYoungGen      total 25088K, used 25073K [0x00000000eab00000, 0x00000000ed000000, 0x0000000100000000)
  eden space 23552K, 100% used [0x00000000eab00000,0x00000000ec200000,0x00000000ec200000)
  from space 1536K, 99% used [0x00000000ec680000,0x00000000ec7fc470,0x00000000ec800000)
  to   space 4608K, 0% used [0x00000000ec200000,0x00000000ec200000,0x00000000ec680000)
 ParOldGen       total 68608K, used 52522K [0x00000000c0000000, 0x00000000c4300000, 0x00000000eab00000)
  object space 68608K, 76% used [0x00000000c0000000,0x00000000c334abb0,0x00000000c4300000)
 Metaspace       used 63289K, committed 64704K, reserved 1114112K
  class space    used 7447K, committed 8064K, reserved 1048576K
}

