# JRE version: Java(TM) SE Runtime Environment (17.0.6+9) (build 17.0.6+9-LTS-190)
# Java VM: Java HotSpot(TM) 64-Bit Server VM (17.0.6+9-LTS-190, mixed mode, sharing, tiered, compressed oops, compressed class ptrs, g1 gc, windows-amd64)
GC Precious Log:
 CPUs: 12 total, 12 available
 Memory: 7893M
 Large Page Support: Disabled
 NUMA Support: Disabled
 Compressed Oops: Enabled (Zero based)
 Heap Region Size: 2M
 Heap Min Capacity: 8M
 Heap Initial Capacity: 124M
 Heap Max Capacity: 4G
 Pre-touch: Disabled
 Parallel Workers: 10
 Concurrent Workers: 3
 Concurrent Refinement Workers: 10
 Periodic GC: Disabled
Heap:
 garbage-first heap   total 499712K, used 172336K [0x0000000700000000, 0x0000000800000000)
  region size 2048K, 15 young (30720K), 3 survivors (6144K)
 Metaspace       used 123464K, committed 124288K, reserved 1163264K
  class space    used 16518K, committed 16896K, reserved 1048576K
GC Heap History (20 events):
Event: 66.991 GC heap before
{Heap before GC invocations=57 (full 0):
 garbage-first heap   total 194560K, used 168074K [0x0000000700000000, 0x0000000800000000)
  region size 2048K, 33 young (67584K), 3 survivors (6144K)
 Metaspace       used 101129K, committed 102016K, reserved 1138688K
  class space    used 14066K, committed 14464K, reserved 1048576K
}
Event: 67.020 GC heap after
{Heap after GC invocations=58 (full 0):
 garbage-first heap   total 194560K, used 117936K [0x0000000700000000, 0x0000000800000000)
  region size 2048K, 5 young (10240K), 5 survivors (10240K)
 Metaspace       used 101129K, committed 102016K, reserved 1138688K
  class space    used 14066K, committed 14464K, reserved 1048576K
}
Event: 67.770 GC heap before
{Heap before GC invocations=58 (full 0):
 garbage-first heap   total 194560K, used 154800K [0x0000000700000000, 0x0000000800000000)
  region size 2048K, 23 young (47104K), 5 survivors (10240K)
 Metaspace       used 101765K, committed 102592K, reserved 1138688K
  class space    used 14147K, committed 14528K, reserved 1048576K
}
Event: 67.793 GC heap after
{Heap after GC invocations=59 (full 0):
 garbage-first heap   total 194560K, used 127589K [0x0000000700000000, 0x0000000800000000)
  region size 2048K, 3 young (6144K), 3 survivors (6144K)
 Metaspace       used 101765K, committed 102592K, reserved 1138688K
  class space    used 14147K, committed 14528K, reserved 1048576K
}
Event: 69.104 GC heap before
{Heap before GC invocations=60 (full 0):
 garbage-first heap   total 223232K, used 156261K [0x0000000700000000, 0x0000000800000000)
  region size 2048K, 17 young (34816K), 3 survivors (6144K)
 Metaspace       used 104973K, committed 105856K, reserved 1146880K
  class space    used 14503K, committed 14912K, reserved 1048576K
}
Event: 69.117 GC heap after
{Heap after GC invocations=61 (full 0):
 garbage-first heap   total 223232K, used 130563K [0x0000000700000000, 0x0000000800000000)
  region size 2048K, 1 young (2048K), 1 survivors (2048K)
 Metaspace       used 104973K, committed 105856K, reserved 1146880K
  class space    used 14503K, committed 14912K, reserved 1048576K
}
Event: 69.236 GC heap before
{Heap before GC invocations=61 (full 0):
 garbage-first heap   total 223232K, used 130563K [0x0000000700000000, 0x0000000800000000)
  region size 2048K, 2 young (4096K), 1 survivors (2048K)
 Metaspace       used 105125K, committed 105984K, reserved 1146880K
  class space    used 14530K, committed 14912K, reserved 1048576K
}
Event: 69.241 GC heap after
{Heap after GC invocations=62 (full 0):
 garbage-first heap   total 223232K, used 129928K [0x0000000700000000, 0x0000000800000000)
  region size 2048K, 1 young (2048K), 1 survivors (2048K)
 Metaspace       used 105125K, committed 105984K, reserved 1146880K
  class space    used 14530K, committed 14912K, reserved 1048576K
}
Event: 73.807 GC heap before
{Heap before GC invocations=63 (full 0):
 garbage-first heap   total 233472K, used 185224K [0x0000000700000000, 0x0000000800000000)
  region size 2048K, 26 young (53248K), 1 survivors (2048K)
 Metaspace       used 108740K, committed 109632K, reserved 1146880K
  class space    used 14877K, committed 15296K, reserved 1048576K
}
Event: 73.815 GC heap after
{Heap after GC invocations=64 (full 0):
 garbage-first heap   total 233472K, used 140789K [0x0000000700000000, 0x0000000800000000)
  region size 2048K, 3 young (6144K), 3 survivors (6144K)
 Metaspace       used 108740K, committed 109632K, reserved 1146880K
  class space    used 14877K, committed 15296K, reserved 1048576K
}
Event: 73.969 GC heap before
{Heap before GC invocations=64 (full 0):
 garbage-first heap   total 233472K, used 144885K [0x0000000700000000, 0x0000000800000000)
  region size 2048K, 5 young (10240K), 3 survivors (6144K)
 Metaspace       used 109217K, committed 110080K, reserved 1146880K
  class space    used 14906K, committed 15296K, reserved 1048576K
}
Event: 73.975 GC heap after
{Heap after GC invocations=65 (full 0):
 garbage-first heap   total 233472K, used 139506K [0x0000000700000000, 0x0000000800000000)
  region size 2048K, 1 young (2048K), 1 survivors (2048K)
 Metaspace       used 109217K, committed 110080K, reserved 1146880K
  class space    used 14906K, committed 15296K, reserved 1048576K
}
Event: 77.158 GC heap before
{Heap before GC invocations=65 (full 0):
 garbage-first heap   total 233472K, used 186610K [0x0000000700000000, 0x0000000800000000)
  region size 2048K, 25 young (51200K), 1 survivors (2048K)
 Metaspace       used 114432K, committed 115328K, reserved 1155072K
  class space    used 15459K, committed 15872K, reserved 1048576K
}
Event: 77.167 GC heap after
{Heap after GC invocations=66 (full 0):
 garbage-first heap   total 233472K, used 140791K [0x0000000700000000, 0x0000000800000000)
  region size 2048K, 2 young (4096K), 2 survivors (4096K)
 Metaspace       used 114432K, committed 115328K, reserved 1155072K
  class space    used 15459K, committed 15872K, reserved 1048576K
}
Event: 79.848 GC heap before
{Heap before GC invocations=67 (full 0):
 garbage-first heap   total 249856K, used 189943K [0x0000000700000000, 0x0000000800000000)
  region size 2048K, 27 young (55296K), 2 survivors (4096K)
 Metaspace       used 119034K, committed 119872K, reserved 1155072K
  class space    used 16036K, committed 16448K, reserved 1048576K
}
Event: 79.861 GC heap after
{Heap after GC invocations=68 (full 0):
 garbage-first heap   total 249856K, used 145328K [0x0000000700000000, 0x0000000800000000)
  region size 2048K, 4 young (8192K), 4 survivors (8192K)
 Metaspace       used 119034K, committed 119872K, reserved 1155072K
  class space    used 16036K, committed 16448K, reserved 1048576K
}
Event: 79.896 GC heap before
{Heap before GC invocations=68 (full 0):
 garbage-first heap   total 249856K, used 149424K [0x0000000700000000, 0x0000000800000000)
  region size 2048K, 6 young (12288K), 4 survivors (8192K)
 Metaspace       used 119058K, committed 119936K, reserved 1155072K
  class space    used 16036K, committed 16448K, reserved 1048576K
}
Event: 79.912 GC heap after
{Heap after GC invocations=69 (full 0):
 garbage-first heap   total 249856K, used 145810K [0x0000000700000000, 0x0000000800000000)
  region size 2048K, 1 young (2048K), 1 survivors (2048K)
 Metaspace       used 119058K, committed 119936K, reserved 1155072K
  class space    used 16036K, committed 16448K, reserved 1048576K
}
Event: 82.345 GC heap before
{Heap before GC invocations=69 (full 0):
 garbage-first heap   total 249856K, used 203154K [0x0000000700000000, 0x0000000800000000)
  region size 2048K, 29 young (59392K), 1 survivors (2048K)
 Metaspace       used 122386K, committed 123200K, reserved 1163264K
  class space    used 16390K, committed 16768K, reserved 1048576K
}
Event: 82.365 GC heap after
{Heap after GC invocations=70 (full 0):
 garbage-first heap   total 499712K, used 149808K [0x0000000700000000, 0x0000000800000000)
  region size 2048K, 3 young (6144K), 3 survivors (6144K)
 Metaspace       used 122386K, committed 123200K, reserved 1163264K
  class space    used 16390K, committed 16768K, reserved 1048576K
}

