# JRE version: OpenJDK Runtime Environment Temurin-21.0.10+7 (21.0.10+7) (build 21.0.10+7-LTS)
# Java VM: OpenJDK 64-Bit Server VM Temurin-21.0.10+7 (21.0.10+7-LTS, mixed mode, sharing, tiered, compressed oops, compressed class ptrs, g1 gc, windows-amd64)
GC Precious Log:
 CardTable entry size: 512
 Card Set container configuration: InlinePtr #cards 4 size 8 Array Of Cards #cards 16 size 48 Howl #buckets 8 coarsen threshold 3686 Howl Bitmap #cards 512 size 80 coarsen threshold 460 Card regions per heap region 1 cards per card region 4096
 CPUs: 12 total, 12 available
 Memory: 7893M
 Large Page Support: Disabled
 NUMA Support: Disabled
 Compressed Oops: Enabled (Zero based)
 Heap Region Size: 2M
 Heap Min Capacity: 8M
 Heap Initial Capacity: 124M
 Heap Max Capacity: 4G
 Pre-touch: Disabled
 Parallel Workers: 10
 Concurrent Workers: 3
 Concurrent Refinement Workers: 10
 Periodic GC: Disabled
Heap:
 garbage-first heap   total 307200K, used 197458K [0x0000000700000000, 0x0000000800000000)
  region size 2048K, 7 young (14336K), 1 survivors (2048K)
 Metaspace       used 140884K, committed 143360K, reserved 1179648K
  class space    used 18747K, committed 19968K, reserved 1048576K
GC Heap History (20 events):
Event: 99.769 GC heap before
{Heap before GC invocations=38 (full 0):
 garbage-first heap   total 194560K, used 168992K [0x0000000700000000, 0x0000000800000000)
  region size 2048K, 30 young (61440K), 5 survivors (10240K)
 Metaspace       used 102104K, committed 104320K, reserved 1179648K
  class space    used 14542K, committed 15616K, reserved 1048576K
}
Event: 99.829 GC heap after
{Heap after GC invocations=39 (full 0):
 garbage-first heap   total 194560K, used 126710K [0x0000000700000000, 0x0000000800000000)
  region size 2048K, 4 young (8192K), 4 survivors (8192K)
 Metaspace       used 102104K, committed 104320K, reserved 1179648K
  class space    used 14542K, committed 15616K, reserved 1048576K
}
Event: 108.568 GC heap before
{Heap before GC invocations=40 (full 0):
 garbage-first heap   total 212992K, used 177910K [0x0000000700000000, 0x0000000800000000)
  region size 2048K, 26 young (53248K), 4 survivors (8192K)
 Metaspace       used 105050K, committed 107200K, reserved 1179648K
  class space    used 14870K, committed 15936K, reserved 1048576K
}
Event: 108.587 GC heap after
{Heap after GC invocations=41 (full 0):
 garbage-first heap   total 212992K, used 138507K [0x0000000700000000, 0x0000000800000000)
  region size 2048K, 3 young (6144K), 3 survivors (6144K)
 Metaspace       used 105050K, committed 107200K, reserved 1179648K
  class space    used 14870K, committed 15936K, reserved 1048576K
}
Event: 110.399 GC heap before
{Heap before GC invocations=41 (full 0):
 garbage-first heap   total 212992K, used 189707K [0x0000000700000000, 0x0000000800000000)
  region size 2048K, 28 young (57344K), 3 survivors (6144K)
 Metaspace       used 110658K, committed 113152K, reserved 1179648K
  class space    used 15465K, committed 16704K, reserved 1048576K
}
Event: 110.409 GC heap after
{Heap after GC invocations=42 (full 0):
 garbage-first heap   total 212992K, used 141649K [0x0000000700000000, 0x0000000800000000)
  region size 2048K, 2 young (4096K), 2 survivors (4096K)
 Metaspace       used 110658K, committed 113152K, reserved 1179648K
  class space    used 15465K, committed 16704K, reserved 1048576K
}
Event: 112.439 GC heap before
{Heap before GC invocations=42 (full 0):
 garbage-first heap   total 212992K, used 190801K [0x0000000700000000, 0x0000000800000000)
  region size 2048K, 26 young (53248K), 2 survivors (4096K)
 Metaspace       used 116331K, committed 118848K, reserved 1179648K
  class space    used 16186K, committed 17408K, reserved 1048576K
}
Event: 112.451 GC heap after
{Heap after GC invocations=43 (full 0):
 garbage-first heap   total 212992K, used 143807K [0x0000000700000000, 0x0000000800000000)
  region size 2048K, 3 young (6144K), 3 survivors (6144K)
 Metaspace       used 116331K, committed 118848K, reserved 1179648K
  class space    used 16186K, committed 17408K, reserved 1048576K
}
Event: 114.077 GC heap before
{Heap before GC invocations=44 (full 0):
 garbage-first heap   total 243712K, used 192959K [0x0000000700000000, 0x0000000800000000)
  region size 2048K, 28 young (57344K), 3 survivors (6144K)
 Metaspace       used 118488K, committed 121024K, reserved 1179648K
  class space    used 16438K, committed 17664K, reserved 1048576K
}
Event: 114.086 GC heap after
{Heap after GC invocations=45 (full 0):
 garbage-first heap   total 243712K, used 146956K [0x0000000700000000, 0x0000000800000000)
  region size 2048K, 3 young (6144K), 3 survivors (6144K)
 Metaspace       used 118488K, committed 121024K, reserved 1179648K
  class space    used 16438K, committed 17664K, reserved 1048576K
}
Event: 117.271 GC heap before
{Heap before GC invocations=45 (full 0):
 garbage-first heap   total 243712K, used 218636K [0x0000000700000000, 0x0000000800000000)
  region size 2048K, 39 young (79872K), 3 survivors (6144K)
 Metaspace       used 124436K, committed 126976K, reserved 1179648K
  class space    used 17064K, committed 18304K, reserved 1048576K
}
Event: 117.284 GC heap after
{Heap after GC invocations=46 (full 0):
 garbage-first heap   total 243712K, used 150163K [0x0000000700000000, 0x0000000800000000)
  region size 2048K, 5 young (10240K), 5 survivors (10240K)
 Metaspace       used 124436K, committed 126976K, reserved 1179648K
  class space    used 17064K, committed 18304K, reserved 1048576K
}
Event: 120.043 GC heap before
{Heap before GC invocations=46 (full 0):
 garbage-first heap   total 243712K, used 219795K [0x0000000700000000, 0x0000000800000000)
  region size 2048K, 39 young (79872K), 5 survivors (10240K)
 Metaspace       used 132187K, committed 134720K, reserved 1179648K
  class space    used 17904K, committed 19136K, reserved 1048576K
}
Event: 120.059 GC heap after
{Heap after GC invocations=47 (full 0):
 garbage-first heap   total 243712K, used 154847K [0x0000000700000000, 0x0000000800000000)
  region size 2048K, 5 young (10240K), 5 survivors (10240K)
 Metaspace       used 132187K, committed 134720K, reserved 1179648K
  class space    used 17904K, committed 19136K, reserved 1048576K
}
Event: 123.686 GC heap before
{Heap before GC invocations=48 (full 0):
 garbage-first heap   total 264192K, used 222431K [0x0000000700000000, 0x0000000800000000)
  region size 2048K, 38 young (77824K), 5 survivors (10240K)
 Metaspace       used 140549K, committed 143040K, reserved 1179648K
  class space    used 18742K, committed 19968K, reserved 1048576K
}
Event: 123.732 GC heap after
{Heap after GC invocations=49 (full 0):
 garbage-first heap   total 264192K, used 156401K [0x0000000700000000, 0x0000000800000000)
  region size 2048K, 3 young (6144K), 3 survivors (6144K)
 Metaspace       used 140549K, committed 143040K, reserved 1179648K
  class space    used 18742K, committed 19968K, reserved 1048576K
}
Event: 128.348 GC heap before
{Heap before GC invocations=49 (full 0):
 garbage-first heap   total 264192K, used 252657K [0x0000000700000000, 0x0000000800000000)
  region size 2048K, 46 young (94208K), 3 survivors (6144K)
 Metaspace       used 140884K, committed 143360K, reserved 1179648K
  class space    used 18747K, committed 19968K, reserved 1048576K
}
Event: 129.745 GC heap after
{Heap after GC invocations=50 (full 0):
 garbage-first heap   total 286720K, used 174402K [0x0000000700000000, 0x0000000800000000)
  region size 2048K, 6 young (12288K), 6 survivors (12288K)
 Metaspace       used 140884K, committed 143360K, reserved 1179648K
  class space    used 18747K, committed 19968K, reserved 1048576K
}
Event: 129.821 GC heap before
{Heap before GC invocations=50 (full 0):
 garbage-first heap   total 286720K, used 176450K [0x0000000700000000, 0x0000000800000000)
  region size 2048K, 8 young (16384K), 6 survivors (12288K)
 Metaspace       used 140884K, committed 143360K, reserved 1179648K
  class space    used 18747K, committed 19968K, reserved 1048576K
}
Event: 129.845 GC heap after
{Heap after GC invocations=51 (full 0):
 garbage-first heap   total 286720K, used 176978K [0x0000000700000000, 0x0000000800000000)
  region size 2048K, 1 young (2048K), 1 survivors (2048K)
 Metaspace       used 140884K, committed 143360K, reserved 1179648K
  class space    used 18747K, committed 19968K, reserved 1048576K
}

